{"/Users/ryantruong/Documents/GitHub/cse110-fq22-group40/source/local/imports.js": {"path":"/Users/ryantruong/Documents/GitHub/cse110-fq22-group40/source/local/imports.js","statementMap":{"0":{"start":{"line":15,"column":27},"end":{"line":15,"column":29}},"1":{"start":{"line":16,"column":26},"end":{"line":16,"column":30}}},"fnMap":{},"branchMap":{},"s":{"0":4,"1":4},"f":{},"b":{},"_coverageSchema":"1a1c01bbd47fc00a2c39e90264f33305004495a9","hash":"207973d742bd9f88f9d251b78b427602c37f8b35"}
,"/Users/ryantruong/Documents/GitHub/cse110-fq22-group40/source/local/classes/audio-object.js": {"path":"/Users/ryantruong/Documents/GitHub/cse110-fq22-group40/source/local/classes/audio-object.js","statementMap":{"0":{"start":{"line":8,"column":11},"end":{"line":8,"column":24}},"1":{"start":{"line":9,"column":13},"end":{"line":9,"column":28}},"2":{"start":{"line":25,"column":4},"end":{"line":25,"column":27}},"3":{"start":{"line":28,"column":4},"end":{"line":28,"column":20}},"4":{"start":{"line":39,"column":4},"end":{"line":41,"column":5}},"5":{"start":{"line":40,"column":6},"end":{"line":40,"column":76}},"6":{"start":{"line":43,"column":4},"end":{"line":44,"column":49}},"7":{"start":{"line":44,"column":6},"end":{"line":44,"column":49}},"8":{"start":{"line":46,"column":4},"end":{"line":49,"column":26}},"9":{"start":{"line":47,"column":6},"end":{"line":47,"column":52}},"10":{"start":{"line":49,"column":6},"end":{"line":49,"column":26}},"11":{"start":{"line":60,"column":4},"end":{"line":61,"column":23}},"12":{"start":{"line":61,"column":6},"end":{"line":61,"column":23}},"13":{"start":{"line":73,"column":4},"end":{"line":73,"column":36}},"14":{"start":{"line":75,"column":4},"end":{"line":76,"column":71}},"15":{"start":{"line":76,"column":6},"end":{"line":76,"column":71}},"16":{"start":{"line":78,"column":4},"end":{"line":78,"column":33}},"17":{"start":{"line":92,"column":4},"end":{"line":92,"column":33}},"18":{"start":{"line":102,"column":4},"end":{"line":102,"column":42}},"19":{"start":{"line":111,"column":4},"end":{"line":111,"column":22}},"20":{"start":{"line":124,"column":4},"end":{"line":124,"column":42}},"21":{"start":{"line":126,"column":4},"end":{"line":127,"column":74}},"22":{"start":{"line":127,"column":6},"end":{"line":127,"column":74}},"23":{"start":{"line":129,"column":4},"end":{"line":129,"column":53}},"24":{"start":{"line":130,"column":4},"end":{"line":130,"column":33}},"25":{"start":{"line":141,"column":4},"end":{"line":142,"column":70}},"26":{"start":{"line":142,"column":6},"end":{"line":142,"column":70}},"27":{"start":{"line":144,"column":4},"end":{"line":144,"column":36}},"28":{"start":{"line":154,"column":4},"end":{"line":155,"column":70}},"29":{"start":{"line":155,"column":6},"end":{"line":155,"column":70}},"30":{"start":{"line":157,"column":4},"end":{"line":157,"column":33}},"31":{"start":{"line":164,"column":4},"end":{"line":164,"column":20}}},"fnMap":{"0":{"name":"(anonymous_0)","decl":{"start":{"line":24,"column":2},"end":{"line":24,"column":3}},"loc":{"start":{"line":24,"column":20},"end":{"line":29,"column":3}},"line":24},"1":{"name":"(anonymous_1)","decl":{"start":{"line":38,"column":2},"end":{"line":38,"column":3}},"loc":{"start":{"line":38,"column":23},"end":{"line":50,"column":3}},"line":38},"2":{"name":"(anonymous_2)","decl":{"start":{"line":59,"column":2},"end":{"line":59,"column":3}},"loc":{"start":{"line":59,"column":13},"end":{"line":62,"column":3}},"line":59},"3":{"name":"(anonymous_3)","decl":{"start":{"line":72,"column":2},"end":{"line":72,"column":3}},"loc":{"start":{"line":72,"column":28},"end":{"line":79,"column":3}},"line":72},"4":{"name":"(anonymous_4)","decl":{"start":{"line":88,"column":2},"end":{"line":88,"column":3}},"loc":{"start":{"line":88,"column":22},"end":{"line":93,"column":3}},"line":88},"5":{"name":"(anonymous_5)","decl":{"start":{"line":101,"column":2},"end":{"line":101,"column":3}},"loc":{"start":{"line":101,"column":29},"end":{"line":103,"column":3}},"line":101},"6":{"name":"(anonymous_6)","decl":{"start":{"line":110,"column":2},"end":{"line":110,"column":3}},"loc":{"start":{"line":110,"column":14},"end":{"line":112,"column":3}},"line":110},"7":{"name":"(anonymous_7)","decl":{"start":{"line":123,"column":2},"end":{"line":123,"column":3}},"loc":{"start":{"line":123,"column":44},"end":{"line":131,"column":3}},"line":123},"8":{"name":"(anonymous_8)","decl":{"start":{"line":140,"column":2},"end":{"line":140,"column":3}},"loc":{"start":{"line":140,"column":34},"end":{"line":145,"column":3}},"line":140},"9":{"name":"(anonymous_9)","decl":{"start":{"line":153,"column":2},"end":{"line":153,"column":3}},"loc":{"start":{"line":153,"column":25},"end":{"line":158,"column":3}},"line":153},"10":{"name":"(anonymous_10)","decl":{"start":{"line":163,"column":2},"end":{"line":163,"column":3}},"loc":{"start":{"line":163,"column":16},"end":{"line":165,"column":3}},"line":163}},"branchMap":{"0":{"loc":{"start":{"line":39,"column":4},"end":{"line":41,"column":5}},"type":"if","locations":[{"start":{"line":39,"column":4},"end":{"line":41,"column":5}},{"start":{},"end":{}}],"line":39},"1":{"loc":{"start":{"line":43,"column":4},"end":{"line":44,"column":49}},"type":"if","locations":[{"start":{"line":43,"column":4},"end":{"line":44,"column":49}},{"start":{},"end":{}}],"line":43},"2":{"loc":{"start":{"line":46,"column":4},"end":{"line":49,"column":26}},"type":"if","locations":[{"start":{"line":46,"column":4},"end":{"line":49,"column":26}},{"start":{"line":49,"column":6},"end":{"line":49,"column":26}}],"line":46},"3":{"loc":{"start":{"line":60,"column":4},"end":{"line":61,"column":23}},"type":"if","locations":[{"start":{"line":60,"column":4},"end":{"line":61,"column":23}},{"start":{},"end":{}}],"line":60},"4":{"loc":{"start":{"line":75,"column":4},"end":{"line":76,"column":71}},"type":"if","locations":[{"start":{"line":75,"column":4},"end":{"line":76,"column":71}},{"start":{},"end":{}}],"line":75},"5":{"loc":{"start":{"line":102,"column":11},"end":{"line":102,"column":41}},"type":"binary-expr","locations":[{"start":{"line":102,"column":11},"end":{"line":102,"column":32}},{"start":{"line":102,"column":36},"end":{"line":102,"column":41}}],"line":102},"6":{"loc":{"start":{"line":126,"column":4},"end":{"line":127,"column":74}},"type":"if","locations":[{"start":{"line":126,"column":4},"end":{"line":127,"column":74}},{"start":{},"end":{}}],"line":126},"7":{"loc":{"start":{"line":141,"column":4},"end":{"line":142,"column":70}},"type":"if","locations":[{"start":{"line":141,"column":4},"end":{"line":142,"column":70}},{"start":{},"end":{}}],"line":141},"8":{"loc":{"start":{"line":154,"column":4},"end":{"line":155,"column":70}},"type":"if","locations":[{"start":{"line":154,"column":4},"end":{"line":155,"column":70}},{"start":{},"end":{}}],"line":154}},"s":{"0":5,"1":5,"2":242,"3":235,"4":242,"5":2,"6":240,"7":4,"8":235,"9":113,"10":122,"11":2,"12":2,"13":110,"14":110,"15":1,"16":109,"17":2,"18":2,"19":1,"20":2,"21":2,"22":1,"23":1,"24":1,"25":4,"26":3,"27":1,"28":2,"29":1,"30":1,"31":1},"f":{"0":242,"1":242,"2":2,"3":110,"4":2,"5":2,"6":1,"7":2,"8":4,"9":2,"10":1},"b":{"0":[2,240],"1":[4,235],"2":[113,122],"3":[2,0],"4":[1,109],"5":[2,1],"6":[1,1],"7":[3,1],"8":[1,1]},"_coverageSchema":"1a1c01bbd47fc00a2c39e90264f33305004495a9","hash":"821dd1a29ce0562c2528c1b644edd461bd77767e"}
,"/Users/ryantruong/Documents/GitHub/cse110-fq22-group40/source/local/classes/type-a.js": {"path":"/Users/ryantruong/Documents/GitHub/cse110-fq22-group40/source/local/classes/type-a.js","statementMap":{"0":{"start":{"line":20,"column":2},"end":{"line":20,"column":23}},"1":{"start":{"line":33,"column":2},"end":{"line":34,"column":55}},"2":{"start":{"line":34,"column":4},"end":{"line":34,"column":55}},"3":{"start":{"line":36,"column":2},"end":{"line":37,"column":69}},"4":{"start":{"line":37,"column":4},"end":{"line":37,"column":69}},"5":{"start":{"line":39,"column":2},"end":{"line":39,"column":48}},"6":{"start":{"line":49,"column":2},"end":{"line":49,"column":39}},"7":{"start":{"line":58,"column":2},"end":{"line":58,"column":38}},"8":{"start":{"line":72,"column":2},"end":{"line":73,"column":55}},"9":{"start":{"line":73,"column":4},"end":{"line":73,"column":55}},"10":{"start":{"line":75,"column":2},"end":{"line":76,"column":71}},"11":{"start":{"line":76,"column":4},"end":{"line":76,"column":71}},"12":{"start":{"line":78,"column":2},"end":{"line":79,"column":72}},"13":{"start":{"line":79,"column":4},"end":{"line":79,"column":72}},"14":{"start":{"line":81,"column":2},"end":{"line":81,"column":54}},"15":{"start":{"line":82,"column":2},"end":{"line":82,"column":34}},"16":{"start":{"line":92,"column":2},"end":{"line":93,"column":72}},"17":{"start":{"line":93,"column":3},"end":{"line":93,"column":72}},"18":{"start":{"line":95,"column":2},"end":{"line":95,"column":36}},"19":{"start":{"line":102,"column":2},"end":{"line":102,"column":23}}},"fnMap":{"0":{"name":"(anonymous_0)","decl":{"start":{"line":18,"column":2},"end":{"line":18,"column":3}},"loc":{"start":{"line":18,"column":16},"end":{"line":21,"column":2}},"line":18},"1":{"name":"(anonymous_1)","decl":{"start":{"line":32,"column":1},"end":{"line":32,"column":2}},"loc":{"start":{"line":32,"column":23},"end":{"line":40,"column":2}},"line":32},"2":{"name":"(anonymous_2)","decl":{"start":{"line":48,"column":1},"end":{"line":48,"column":2}},"loc":{"start":{"line":48,"column":25},"end":{"line":50,"column":2}},"line":48},"3":{"name":"(anonymous_3)","decl":{"start":{"line":57,"column":1},"end":{"line":57,"column":2}},"loc":{"start":{"line":57,"column":23},"end":{"line":59,"column":2}},"line":57},"4":{"name":"(anonymous_4)","decl":{"start":{"line":71,"column":1},"end":{"line":71,"column":2}},"loc":{"start":{"line":71,"column":37},"end":{"line":83,"column":2}},"line":71},"5":{"name":"(anonymous_5)","decl":{"start":{"line":91,"column":1},"end":{"line":91,"column":2}},"loc":{"start":{"line":91,"column":25},"end":{"line":96,"column":2}},"line":91},"6":{"name":"(anonymous_6)","decl":{"start":{"line":101,"column":1},"end":{"line":101,"column":2}},"loc":{"start":{"line":101,"column":16},"end":{"line":103,"column":2}},"line":101}},"branchMap":{"0":{"loc":{"start":{"line":33,"column":2},"end":{"line":34,"column":55}},"type":"if","locations":[{"start":{"line":33,"column":2},"end":{"line":34,"column":55}},{"start":{},"end":{}}],"line":33},"1":{"loc":{"start":{"line":36,"column":2},"end":{"line":37,"column":69}},"type":"if","locations":[{"start":{"line":36,"column":2},"end":{"line":37,"column":69}},{"start":{},"end":{}}],"line":36},"2":{"loc":{"start":{"line":72,"column":2},"end":{"line":73,"column":55}},"type":"if","locations":[{"start":{"line":72,"column":2},"end":{"line":73,"column":55}},{"start":{},"end":{}}],"line":72},"3":{"loc":{"start":{"line":75,"column":2},"end":{"line":76,"column":71}},"type":"if","locations":[{"start":{"line":75,"column":2},"end":{"line":76,"column":71}},{"start":{},"end":{}}],"line":75},"4":{"loc":{"start":{"line":78,"column":2},"end":{"line":79,"column":72}},"type":"if","locations":[{"start":{"line":78,"column":2},"end":{"line":79,"column":72}},{"start":{},"end":{}}],"line":78},"5":{"loc":{"start":{"line":92,"column":2},"end":{"line":93,"column":72}},"type":"if","locations":[{"start":{"line":92,"column":2},"end":{"line":93,"column":72}},{"start":{},"end":{}}],"line":92}},"s":{"0":130,"1":222,"2":2,"3":220,"4":2,"5":218,"6":0,"7":0,"8":7,"9":2,"10":5,"11":3,"12":2,"13":2,"14":0,"15":0,"16":3,"17":2,"18":1,"19":2},"f":{"0":130,"1":222,"2":0,"3":0,"4":7,"5":3,"6":2},"b":{"0":[2,220],"1":[2,218],"2":[2,5],"3":[3,2],"4":[2,0],"5":[2,1]},"_coverageSchema":"1a1c01bbd47fc00a2c39e90264f33305004495a9","hash":"73c5c2f590ab168829e913774ae47114db2a41e4"}
,"/Users/ryantruong/Documents/GitHub/cse110-fq22-group40/source/local/classes/type-f.js": {"path":"/Users/ryantruong/Documents/GitHub/cse110-fq22-group40/source/local/classes/type-f.js","statementMap":{"0":{"start":{"line":10,"column":27},"end":{"line":10,"column":29}},"1":{"start":{"line":11,"column":18},"end":{"line":11,"column":38}},"2":{"start":{"line":23,"column":4},"end":{"line":23,"column":25}},"3":{"start":{"line":34,"column":4},"end":{"line":35,"column":59}},"4":{"start":{"line":35,"column":6},"end":{"line":35,"column":59}},"5":{"start":{"line":37,"column":4},"end":{"line":38,"column":73}},"6":{"start":{"line":38,"column":6},"end":{"line":38,"column":73}},"7":{"start":{"line":40,"column":4},"end":{"line":40,"column":44}},"8":{"start":{"line":50,"column":4},"end":{"line":50,"column":38}},"9":{"start":{"line":58,"column":4},"end":{"line":58,"column":40}},"10":{"start":{"line":72,"column":4},"end":{"line":73,"column":59}},"11":{"start":{"line":73,"column":6},"end":{"line":73,"column":59}},"12":{"start":{"line":75,"column":4},"end":{"line":76,"column":75}},"13":{"start":{"line":76,"column":6},"end":{"line":76,"column":75}},"14":{"start":{"line":78,"column":4},"end":{"line":79,"column":76}},"15":{"start":{"line":79,"column":6},"end":{"line":79,"column":76}},"16":{"start":{"line":81,"column":4},"end":{"line":81,"column":56}},"17":{"start":{"line":82,"column":4},"end":{"line":82,"column":36}},"18":{"start":{"line":90,"column":4},"end":{"line":91,"column":76}},"19":{"start":{"line":91,"column":6},"end":{"line":91,"column":76}},"20":{"start":{"line":93,"column":4},"end":{"line":93,"column":38}},"21":{"start":{"line":100,"column":4},"end":{"line":100,"column":25}},"22":{"start":{"line":115,"column":2},"end":{"line":116,"column":57}},"23":{"start":{"line":116,"column":4},"end":{"line":116,"column":57}},"24":{"start":{"line":118,"column":2},"end":{"line":119,"column":76}},"25":{"start":{"line":119,"column":4},"end":{"line":119,"column":76}},"26":{"start":{"line":121,"column":2},"end":{"line":121,"column":39}},"27":{"start":{"line":123,"column":2},"end":{"line":124,"column":42}},"28":{"start":{"line":124,"column":4},"end":{"line":124,"column":42}},"29":{"start":{"line":134,"column":2},"end":{"line":134,"column":34}},"30":{"start":{"line":145,"column":2},"end":{"line":145,"column":32}},"31":{"start":{"line":146,"column":2},"end":{"line":146,"column":45}},"32":{"start":{"line":157,"column":2},"end":{"line":157,"column":40}},"33":{"start":{"line":158,"column":2},"end":{"line":158,"column":40}},"34":{"start":{"line":169,"column":2},"end":{"line":169,"column":37}},"35":{"start":{"line":180,"column":2},"end":{"line":182,"column":5}}},"fnMap":{"0":{"name":"(anonymous_0)","decl":{"start":{"line":21,"column":2},"end":{"line":21,"column":3}},"loc":{"start":{"line":21,"column":16},"end":{"line":24,"column":3}},"line":21},"1":{"name":"(anonymous_1)","decl":{"start":{"line":33,"column":2},"end":{"line":33,"column":3}},"loc":{"start":{"line":33,"column":18},"end":{"line":41,"column":3}},"line":33},"2":{"name":"(anonymous_2)","decl":{"start":{"line":49,"column":2},"end":{"line":49,"column":3}},"loc":{"start":{"line":49,"column":23},"end":{"line":51,"column":3}},"line":49},"3":{"name":"(anonymous_3)","decl":{"start":{"line":57,"column":2},"end":{"line":57,"column":3}},"loc":{"start":{"line":57,"column":24},"end":{"line":59,"column":3}},"line":57},"4":{"name":"(anonymous_4)","decl":{"start":{"line":71,"column":2},"end":{"line":71,"column":3}},"loc":{"start":{"line":71,"column":38},"end":{"line":83,"column":3}},"line":71},"5":{"name":"(anonymous_5)","decl":{"start":{"line":89,"column":2},"end":{"line":89,"column":3}},"loc":{"start":{"line":89,"column":26},"end":{"line":94,"column":3}},"line":89},"6":{"name":"(anonymous_6)","decl":{"start":{"line":99,"column":2},"end":{"line":99,"column":3}},"loc":{"start":{"line":99,"column":17},"end":{"line":101,"column":3}},"line":99},"7":{"name":"add_typeF","decl":{"start":{"line":114,"column":16},"end":{"line":114,"column":25}},"loc":{"start":{"line":114,"column":50},"end":{"line":125,"column":1}},"line":114},"8":{"name":"get_all_typeF_names","decl":{"start":{"line":133,"column":16},"end":{"line":133,"column":35}},"loc":{"start":{"line":133,"column":38},"end":{"line":135,"column":1}},"line":133},"9":{"name":"delete_typeF","decl":{"start":{"line":144,"column":16},"end":{"line":144,"column":28}},"loc":{"start":{"line":144,"column":40},"end":{"line":147,"column":1}},"line":144},"10":{"name":"clear_typeF","decl":{"start":{"line":156,"column":16},"end":{"line":156,"column":27}},"loc":{"start":{"line":156,"column":39},"end":{"line":159,"column":1}},"line":156},"11":{"name":"remove_typeF_from_local_storage","decl":{"start":{"line":168,"column":9},"end":{"line":168,"column":40}},"loc":{"start":{"line":168,"column":52},"end":{"line":170,"column":1}},"line":168},"12":{"name":"set_typeF_in_local_storage","decl":{"start":{"line":179,"column":9},"end":{"line":179,"column":35}},"loc":{"start":{"line":179,"column":47},"end":{"line":183,"column":1}},"line":179}},"branchMap":{"0":{"loc":{"start":{"line":34,"column":4},"end":{"line":35,"column":59}},"type":"if","locations":[{"start":{"line":34,"column":4},"end":{"line":35,"column":59}},{"start":{},"end":{}}],"line":34},"1":{"loc":{"start":{"line":37,"column":4},"end":{"line":38,"column":73}},"type":"if","locations":[{"start":{"line":37,"column":4},"end":{"line":38,"column":73}},{"start":{},"end":{}}],"line":37},"2":{"loc":{"start":{"line":72,"column":4},"end":{"line":73,"column":59}},"type":"if","locations":[{"start":{"line":72,"column":4},"end":{"line":73,"column":59}},{"start":{},"end":{}}],"line":72},"3":{"loc":{"start":{"line":75,"column":4},"end":{"line":76,"column":75}},"type":"if","locations":[{"start":{"line":75,"column":4},"end":{"line":76,"column":75}},{"start":{},"end":{}}],"line":75},"4":{"loc":{"start":{"line":78,"column":4},"end":{"line":79,"column":76}},"type":"if","locations":[{"start":{"line":78,"column":4},"end":{"line":79,"column":76}},{"start":{},"end":{}}],"line":78},"5":{"loc":{"start":{"line":90,"column":4},"end":{"line":91,"column":76}},"type":"if","locations":[{"start":{"line":90,"column":4},"end":{"line":91,"column":76}},{"start":{},"end":{}}],"line":90},"6":{"loc":{"start":{"line":114,"column":37},"end":{"line":114,"column":48}},"type":"default-arg","locations":[{"start":{"line":114,"column":44},"end":{"line":114,"column":48}}],"line":114},"7":{"loc":{"start":{"line":115,"column":2},"end":{"line":116,"column":57}},"type":"if","locations":[{"start":{"line":115,"column":2},"end":{"line":116,"column":57}},{"start":{},"end":{}}],"line":115},"8":{"loc":{"start":{"line":118,"column":2},"end":{"line":119,"column":76}},"type":"if","locations":[{"start":{"line":118,"column":2},"end":{"line":119,"column":76}},{"start":{},"end":{}}],"line":118},"9":{"loc":{"start":{"line":123,"column":2},"end":{"line":124,"column":42}},"type":"if","locations":[{"start":{"line":123,"column":2},"end":{"line":124,"column":42}},{"start":{},"end":{}}],"line":123}},"s":{"0":4,"1":4,"2":21,"3":113,"4":1,"5":112,"6":1,"7":111,"8":1,"9":2,"10":4,"11":1,"12":3,"13":1,"14":2,"15":1,"16":1,"17":1,"18":2,"19":1,"20":1,"21":2,"22":12,"23":2,"24":10,"25":2,"26":8,"27":8,"28":8,"29":1,"30":1,"31":1,"32":1,"33":1,"34":1,"35":9},"f":{"0":21,"1":113,"2":1,"3":2,"4":4,"5":2,"6":2,"7":12,"8":1,"9":1,"10":1,"11":1,"12":9},"b":{"0":[1,112],"1":[1,111],"2":[1,3],"3":[1,2],"4":[1,1],"5":[1,1],"6":[12],"7":[2,10],"8":[2,8],"9":[8,0]},"_coverageSchema":"1a1c01bbd47fc00a2c39e90264f33305004495a9","hash":"2083e6216203937c77194113859f787e8ad5afe0"}
,"/Users/ryantruong/Documents/GitHub/cse110-fq22-group40/source/local/scripts/audio.js": {"path":"/Users/ryantruong/Documents/GitHub/cse110-fq22-group40/source/local/scripts/audio.js","statementMap":{"0":{"start":{"line":12,"column":2},"end":{"line":12,"column":75}},"1":{"start":{"line":30,"column":2},"end":{"line":31,"column":53}},"2":{"start":{"line":31,"column":4},"end":{"line":31,"column":53}},"3":{"start":{"line":33,"column":2},"end":{"line":34,"column":75}},"4":{"start":{"line":34,"column":4},"end":{"line":34,"column":75}},"5":{"start":{"line":39,"column":2},"end":{"line":39,"column":81}},"6":{"start":{"line":41,"column":2},"end":{"line":42,"column":55}},"7":{"start":{"line":42,"column":4},"end":{"line":42,"column":55}},"8":{"start":{"line":58,"column":2},"end":{"line":59,"column":75}},"9":{"start":{"line":59,"column":4},"end":{"line":59,"column":75}},"10":{"start":{"line":61,"column":2},"end":{"line":64,"column":16}},"11":{"start":{"line":77,"column":2},"end":{"line":77,"column":73}},"12":{"start":{"line":78,"column":2},"end":{"line":78,"column":53}},"13":{"start":{"line":95,"column":2},"end":{"line":96,"column":75}},"14":{"start":{"line":96,"column":4},"end":{"line":96,"column":75}},"15":{"start":{"line":101,"column":2},"end":{"line":104,"column":26}},"16":{"start":{"line":105,"column":4},"end":{"line":105,"column":55}}},"fnMap":{"0":{"name":"get_all_audio_names","decl":{"start":{"line":11,"column":16},"end":{"line":11,"column":35}},"loc":{"start":{"line":11,"column":58},"end":{"line":13,"column":1}},"line":11},"1":{"name":"add_audio","decl":{"start":{"line":29,"column":16},"end":{"line":29,"column":25}},"loc":{"start":{"line":29,"column":86},"end":{"line":43,"column":1}},"line":29},"2":{"name":"get_audio_path","decl":{"start":{"line":57,"column":16},"end":{"line":57,"column":30}},"loc":{"start":{"line":57,"column":67},"end":{"line":65,"column":1}},"line":57},"3":{"name":"delete_audio","decl":{"start":{"line":76,"column":16},"end":{"line":76,"column":28}},"loc":{"start":{"line":76,"column":65},"end":{"line":79,"column":1}},"line":76},"4":{"name":"update_audio_path","decl":{"start":{"line":94,"column":16},"end":{"line":94,"column":33}},"loc":{"start":{"line":94,"column":79},"end":{"line":106,"column":1}},"line":94}},"branchMap":{"0":{"loc":{"start":{"line":29,"column":73},"end":{"line":29,"column":84}},"type":"default-arg","locations":[{"start":{"line":29,"column":80},"end":{"line":29,"column":84}}],"line":29},"1":{"loc":{"start":{"line":30,"column":2},"end":{"line":31,"column":53}},"type":"if","locations":[{"start":{"line":30,"column":2},"end":{"line":31,"column":53}},{"start":{},"end":{}}],"line":30},"2":{"loc":{"start":{"line":33,"column":2},"end":{"line":34,"column":75}},"type":"if","locations":[{"start":{"line":33,"column":2},"end":{"line":34,"column":75}},{"start":{},"end":{}}],"line":33},"3":{"loc":{"start":{"line":41,"column":2},"end":{"line":42,"column":55}},"type":"if","locations":[{"start":{"line":41,"column":2},"end":{"line":42,"column":55}},{"start":{},"end":{}}],"line":41},"4":{"loc":{"start":{"line":58,"column":2},"end":{"line":59,"column":75}},"type":"if","locations":[{"start":{"line":58,"column":2},"end":{"line":59,"column":75}},{"start":{},"end":{}}],"line":58},"5":{"loc":{"start":{"line":95,"column":2},"end":{"line":96,"column":75}},"type":"if","locations":[{"start":{"line":95,"column":2},"end":{"line":96,"column":75}},{"start":{},"end":{}}],"line":95}},"s":{"0":0,"1":1,"2":1,"3":0,"4":0,"5":0,"6":0,"7":0,"8":0,"9":0,"10":0,"11":0,"12":0,"13":0,"14":0,"15":0,"16":0},"f":{"0":0,"1":1,"2":0,"3":0,"4":0},"b":{"0":[1],"1":[1,0],"2":[0,0],"3":[0,0],"4":[0,0],"5":[0,0]},"_coverageSchema":"1a1c01bbd47fc00a2c39e90264f33305004495a9","hash":"7490880400d0e8ffe1399c3c71f4c77d5b24b56c"}
,"/Users/ryantruong/Documents/GitHub/cse110-fq22-group40/source/local/scripts/folders.js": {"path":"/Users/ryantruong/Documents/GitHub/cse110-fq22-group40/source/local/scripts/folders.js","statementMap":{"0":{"start":{"line":2,"column":18},"end":{"line":2,"column":38}},"1":{"start":{"line":17,"column":2},"end":{"line":17,"column":33}},"2":{"start":{"line":18,"column":2},"end":{"line":19,"column":57}},"3":{"start":{"line":19,"column":4},"end":{"line":19,"column":57}},"4":{"start":{"line":20,"column":2},"end":{"line":21,"column":76}},"5":{"start":{"line":21,"column":4},"end":{"line":21,"column":76}},"6":{"start":{"line":22,"column":2},"end":{"line":22,"column":46}},"7":{"start":{"line":23,"column":2},"end":{"line":24,"column":42}},"8":{"start":{"line":24,"column":4},"end":{"line":24,"column":42}},"9":{"start":{"line":35,"column":2},"end":{"line":35,"column":54}},"10":{"start":{"line":47,"column":2},"end":{"line":47,"column":49}},"11":{"start":{"line":48,"column":2},"end":{"line":48,"column":40}},"12":{"start":{"line":60,"column":2},"end":{"line":60,"column":61}},"13":{"start":{"line":61,"column":2},"end":{"line":61,"column":40}},"14":{"start":{"line":76,"column":2},"end":{"line":77,"column":57}},"15":{"start":{"line":77,"column":4},"end":{"line":77,"column":57}},"16":{"start":{"line":78,"column":2},"end":{"line":79,"column":76}},"17":{"start":{"line":79,"column":4},"end":{"line":79,"column":76}},"18":{"start":{"line":80,"column":2},"end":{"line":80,"column":39}},"19":{"start":{"line":81,"column":2},"end":{"line":82,"column":42}},"20":{"start":{"line":82,"column":4},"end":{"line":82,"column":42}},"21":{"start":{"line":92,"column":2},"end":{"line":92,"column":34}},"22":{"start":{"line":103,"column":2},"end":{"line":103,"column":32}},"23":{"start":{"line":104,"column":2},"end":{"line":104,"column":45}},"24":{"start":{"line":115,"column":2},"end":{"line":115,"column":40}},"25":{"start":{"line":116,"column":2},"end":{"line":116,"column":40}},"26":{"start":{"line":127,"column":2},"end":{"line":127,"column":37}},"27":{"start":{"line":138,"column":2},"end":{"line":138,"column":33}},"28":{"start":{"line":139,"column":2},"end":{"line":140,"column":45}},"29":{"start":{"line":141,"column":2},"end":{"line":141,"column":77}}},"fnMap":{"0":{"name":"add_typeA","decl":{"start":{"line":16,"column":16},"end":{"line":16,"column":25}},"loc":{"start":{"line":16,"column":61},"end":{"line":25,"column":1}},"line":16},"1":{"name":"get_all_typeA_names","decl":{"start":{"line":34,"column":16},"end":{"line":34,"column":35}},"loc":{"start":{"line":34,"column":47},"end":{"line":36,"column":1}},"line":34},"2":{"name":"delete_typeA","decl":{"start":{"line":46,"column":16},"end":{"line":46,"column":28}},"loc":{"start":{"line":46,"column":51},"end":{"line":49,"column":1}},"line":46},"3":{"name":"clear_typeA","decl":{"start":{"line":59,"column":16},"end":{"line":59,"column":27}},"loc":{"start":{"line":59,"column":50},"end":{"line":62,"column":1}},"line":59},"4":{"name":"add_typeF","decl":{"start":{"line":75,"column":16},"end":{"line":75,"column":25}},"loc":{"start":{"line":75,"column":50},"end":{"line":83,"column":1}},"line":75},"5":{"name":"get_all_typeF_names","decl":{"start":{"line":91,"column":16},"end":{"line":91,"column":35}},"loc":{"start":{"line":91,"column":38},"end":{"line":93,"column":1}},"line":91},"6":{"name":"delete_typeF","decl":{"start":{"line":102,"column":16},"end":{"line":102,"column":28}},"loc":{"start":{"line":102,"column":40},"end":{"line":105,"column":1}},"line":102},"7":{"name":"clear_typeF","decl":{"start":{"line":114,"column":16},"end":{"line":114,"column":27}},"loc":{"start":{"line":114,"column":39},"end":{"line":117,"column":1}},"line":114},"8":{"name":"remove_typeF_from_local_storage","decl":{"start":{"line":126,"column":16},"end":{"line":126,"column":47}},"loc":{"start":{"line":126,"column":59},"end":{"line":128,"column":1}},"line":126},"9":{"name":"set_typeF_in_local_storage","decl":{"start":{"line":137,"column":16},"end":{"line":137,"column":42}},"loc":{"start":{"line":137,"column":54},"end":{"line":142,"column":1}},"line":137}},"branchMap":{"0":{"loc":{"start":{"line":16,"column":48},"end":{"line":16,"column":59}},"type":"default-arg","locations":[{"start":{"line":16,"column":55},"end":{"line":16,"column":59}}],"line":16},"1":{"loc":{"start":{"line":18,"column":2},"end":{"line":19,"column":57}},"type":"if","locations":[{"start":{"line":18,"column":2},"end":{"line":19,"column":57}},{"start":{},"end":{}}],"line":18},"2":{"loc":{"start":{"line":20,"column":2},"end":{"line":21,"column":76}},"type":"if","locations":[{"start":{"line":20,"column":2},"end":{"line":21,"column":76}},{"start":{},"end":{}}],"line":20},"3":{"loc":{"start":{"line":23,"column":2},"end":{"line":24,"column":42}},"type":"if","locations":[{"start":{"line":23,"column":2},"end":{"line":24,"column":42}},{"start":{},"end":{}}],"line":23},"4":{"loc":{"start":{"line":75,"column":37},"end":{"line":75,"column":48}},"type":"default-arg","locations":[{"start":{"line":75,"column":44},"end":{"line":75,"column":48}}],"line":75},"5":{"loc":{"start":{"line":76,"column":2},"end":{"line":77,"column":57}},"type":"if","locations":[{"start":{"line":76,"column":2},"end":{"line":77,"column":57}},{"start":{},"end":{}}],"line":76},"6":{"loc":{"start":{"line":78,"column":2},"end":{"line":79,"column":76}},"type":"if","locations":[{"start":{"line":78,"column":2},"end":{"line":79,"column":76}},{"start":{},"end":{}}],"line":78},"7":{"loc":{"start":{"line":81,"column":2},"end":{"line":82,"column":42}},"type":"if","locations":[{"start":{"line":81,"column":2},"end":{"line":82,"column":42}},{"start":{},"end":{}}],"line":81}},"s":{"0":4,"1":0,"2":0,"3":0,"4":0,"5":0,"6":0,"7":0,"8":0,"9":0,"10":0,"11":0,"12":0,"13":0,"14":0,"15":0,"16":0,"17":0,"18":0,"19":0,"20":0,"21":0,"22":0,"23":0,"24":0,"25":0,"26":0,"27":0,"28":0,"29":0},"f":{"0":0,"1":0,"2":0,"3":0,"4":0,"5":0,"6":0,"7":0,"8":0,"9":0},"b":{"0":[0],"1":[0,0],"2":[0,0],"3":[0,0],"4":[0],"5":[0,0],"6":[0,0],"7":[0,0]},"_coverageSchema":"1a1c01bbd47fc00a2c39e90264f33305004495a9","hash":"363f48e8ab3954195b9223c96aae583b90b4e757"}
,"/Users/ryantruong/Documents/GitHub/cse110-fq22-group40/source/local/scripts/notes.js": {"path":"/Users/ryantruong/Documents/GitHub/cse110-fq22-group40/source/local/scripts/notes.js","statementMap":{"0":{"start":{"line":14,"column":4},"end":{"line":17,"column":21}},"1":{"start":{"line":18,"column":4},"end":{"line":18,"column":55}},"2":{"start":{"line":32,"column":4},"end":{"line":35,"column":30}},"3":{"start":{"line":36,"column":4},"end":{"line":36,"column":55}},"4":{"start":{"line":53,"column":4},"end":{"line":53,"column":49}},"5":{"start":{"line":54,"column":4},"end":{"line":55,"column":75}},"6":{"start":{"line":55,"column":6},"end":{"line":55,"column":75}},"7":{"start":{"line":57,"column":4},"end":{"line":60,"column":39}},"8":{"start":{"line":61,"column":4},"end":{"line":61,"column":55}},"9":{"start":{"line":81,"column":4},"end":{"line":81,"column":46}},"10":{"start":{"line":82,"column":4},"end":{"line":83,"column":75}},"11":{"start":{"line":83,"column":6},"end":{"line":83,"column":75}},"12":{"start":{"line":85,"column":4},"end":{"line":88,"column":33}},"13":{"start":{"line":89,"column":4},"end":{"line":90,"column":57}},"14":{"start":{"line":90,"column":6},"end":{"line":90,"column":57}},"15":{"start":{"line":104,"column":4},"end":{"line":107,"column":27}},"16":{"start":{"line":120,"column":4},"end":{"line":120,"column":51}},"17":{"start":{"line":121,"column":4},"end":{"line":124,"column":19}}},"fnMap":{"0":{"name":"clear_notes","decl":{"start":{"line":13,"column":17},"end":{"line":13,"column":28}},"loc":{"start":{"line":13,"column":65},"end":{"line":19,"column":3}},"line":13},"1":{"name":"delete_note","decl":{"start":{"line":31,"column":19},"end":{"line":31,"column":30}},"loc":{"start":{"line":31,"column":78},"end":{"line":37,"column":3}},"line":31},"2":{"name":"update_note","decl":{"start":{"line":52,"column":18},"end":{"line":52,"column":29}},"loc":{"start":{"line":52,"column":86},"end":{"line":62,"column":3}},"line":52},"3":{"name":"add_note","decl":{"start":{"line":79,"column":18},"end":{"line":79,"column":26}},"loc":{"start":{"line":79,"column":93},"end":{"line":91,"column":3}},"line":79},"4":{"name":"get_note","decl":{"start":{"line":103,"column":18},"end":{"line":103,"column":26}},"loc":{"start":{"line":103,"column":74},"end":{"line":108,"column":3}},"line":103},"5":{"name":"get_all_notes","decl":{"start":{"line":119,"column":18},"end":{"line":119,"column":31}},"loc":{"start":{"line":119,"column":68},"end":{"line":125,"column":3}},"line":119}},"branchMap":{"0":{"loc":{"start":{"line":54,"column":4},"end":{"line":55,"column":75}},"type":"if","locations":[{"start":{"line":54,"column":4},"end":{"line":55,"column":75}},{"start":{},"end":{}}],"line":54},"1":{"loc":{"start":{"line":79,"column":80},"end":{"line":79,"column":91}},"type":"default-arg","locations":[{"start":{"line":79,"column":87},"end":{"line":79,"column":91}}],"line":79},"2":{"loc":{"start":{"line":82,"column":4},"end":{"line":83,"column":75}},"type":"if","locations":[{"start":{"line":82,"column":4},"end":{"line":83,"column":75}},{"start":{},"end":{}}],"line":82},"3":{"loc":{"start":{"line":89,"column":4},"end":{"line":90,"column":57}},"type":"if","locations":[{"start":{"line":89,"column":4},"end":{"line":90,"column":57}},{"start":{},"end":{}}],"line":89}},"s":{"0":0,"1":0,"2":0,"3":0,"4":0,"5":0,"6":0,"7":0,"8":0,"9":0,"10":0,"11":0,"12":0,"13":0,"14":0,"15":0,"16":0,"17":0},"f":{"0":0,"1":0,"2":0,"3":0,"4":0,"5":0},"b":{"0":[0,0],"1":[0],"2":[0,0],"3":[0,0]},"_coverageSchema":"1a1c01bbd47fc00a2c39e90264f33305004495a9","hash":"6cb5163f02227e315eda28259a2155284258117b"}
,"/Users/ryantruong/Documents/GitHub/cse110-fq22-group40/source/local/scripts/utils.js": {"path":"/Users/ryantruong/Documents/GitHub/cse110-fq22-group40/source/local/scripts/utils.js","statementMap":{"0":{"start":{"line":4,"column":11},"end":{"line":4,"column":24}},"1":{"start":{"line":5,"column":11},"end":{"line":5,"column":24}},"2":{"start":{"line":6,"column":13},"end":{"line":6,"column":28}},"3":{"start":{"line":7,"column":27},"end":{"line":7,"column":51}},"4":{"start":{"line":8,"column":18},"end":{"line":8,"column":38}},"5":{"start":{"line":9,"column":17},"end":{"line":9,"column":36}},"6":{"start":{"line":17,"column":2},"end":{"line":19,"column":3}},"7":{"start":{"line":18,"column":4},"end":{"line":18,"column":25}},"8":{"start":{"line":47,"column":21},"end":{"line":47,"column":43}},"9":{"start":{"line":49,"column":2},"end":{"line":49,"column":58}},"10":{"start":{"line":50,"column":2},"end":{"line":87,"column":3}},"11":{"start":{"line":51,"column":4},"end":{"line":64,"column":5}},"12":{"start":{"line":52,"column":25},"end":{"line":52,"column":56}},"13":{"start":{"line":53,"column":6},"end":{"line":59,"column":7}},"14":{"start":{"line":55,"column":8},"end":{"line":55,"column":60}},"15":{"start":{"line":58,"column":8},"end":{"line":58,"column":57}},"16":{"start":{"line":60,"column":6},"end":{"line":60,"column":57}},"17":{"start":{"line":62,"column":6},"end":{"line":62,"column":57}},"18":{"start":{"line":63,"column":6},"end":{"line":63,"column":16}},"19":{"start":{"line":67,"column":4},"end":{"line":81,"column":5}},"20":{"start":{"line":68,"column":6},"end":{"line":69,"column":59}},"21":{"start":{"line":69,"column":6},"end":{"line":69,"column":59}},"22":{"start":{"line":72,"column":6},"end":{"line":73,"column":79}},"23":{"start":{"line":73,"column":8},"end":{"line":73,"column":79}},"24":{"start":{"line":75,"column":6},"end":{"line":76,"column":78}},"25":{"start":{"line":76,"column":8},"end":{"line":76,"column":78}},"26":{"start":{"line":79,"column":6},"end":{"line":79,"column":57}},"27":{"start":{"line":80,"column":6},"end":{"line":80,"column":16}},"28":{"start":{"line":83,"column":4},"end":{"line":83,"column":50}},"29":{"start":{"line":84,"column":4},"end":{"line":84,"column":34}},"30":{"start":{"line":86,"column":4},"end":{"line":86,"column":53}},"31":{"start":{"line":97,"column":16},"end":{"line":97,"column":39}},"32":{"start":{"line":98,"column":16},"end":{"line":98,"column":42}},"33":{"start":{"line":99,"column":16},"end":{"line":99,"column":37}},"34":{"start":{"line":102,"column":2},"end":{"line":103,"column":28}},"35":{"start":{"line":103,"column":4},"end":{"line":103,"column":28}},"36":{"start":{"line":106,"column":2},"end":{"line":112,"column":3}},"37":{"start":{"line":108,"column":4},"end":{"line":109,"column":30}},"38":{"start":{"line":109,"column":6},"end":{"line":109,"column":30}},"39":{"start":{"line":111,"column":6},"end":{"line":111,"column":46}},"40":{"start":{"line":115,"column":2},"end":{"line":115,"column":33}},"41":{"start":{"line":137,"column":2},"end":{"line":138,"column":80}},"42":{"start":{"line":138,"column":3},"end":{"line":138,"column":80}},"43":{"start":{"line":140,"column":2},"end":{"line":141,"column":83}},"44":{"start":{"line":141,"column":3},"end":{"line":141,"column":83}},"45":{"start":{"line":143,"column":2},"end":{"line":146,"column":47}},"46":{"start":{"line":147,"column":2},"end":{"line":147,"column":53}},"47":{"start":{"line":162,"column":2},"end":{"line":162,"column":27}},"48":{"start":{"line":163,"column":2},"end":{"line":185,"column":4}},"49":{"start":{"line":164,"column":4},"end":{"line":164,"column":45}},"50":{"start":{"line":165,"column":18},"end":{"line":167,"column":5}},"51":{"start":{"line":170,"column":4},"end":{"line":184,"column":5}},"52":{"start":{"line":171,"column":6},"end":{"line":171,"column":58}},"53":{"start":{"line":172,"column":20},"end":{"line":172,"column":47}},"54":{"start":{"line":175,"column":6},"end":{"line":183,"column":7}},"55":{"start":{"line":176,"column":8},"end":{"line":176,"column":104}},"56":{"start":{"line":177,"column":25},"end":{"line":177,"column":52}},"57":{"start":{"line":180,"column":8},"end":{"line":182,"column":9}},"58":{"start":{"line":181,"column":10},"end":{"line":181,"column":109}},"59":{"start":{"line":189,"column":2},"end":{"line":189,"column":46}},"60":{"start":{"line":193,"column":2},"end":{"line":211,"column":3}},"61":{"start":{"line":194,"column":4},"end":{"line":194,"column":100}},"62":{"start":{"line":195,"column":20},"end":{"line":195,"column":83}},"63":{"start":{"line":196,"column":4},"end":{"line":196,"column":37}},"64":{"start":{"line":197,"column":4},"end":{"line":197,"column":59}},"65":{"start":{"line":198,"column":9},"end":{"line":211,"column":3}},"66":{"start":{"line":199,"column":24},"end":{"line":199,"column":82}},"67":{"start":{"line":200,"column":24},"end":{"line":200,"column":51}},"68":{"start":{"line":201,"column":4},"end":{"line":210,"column":5}},"69":{"start":{"line":202,"column":6},"end":{"line":209,"column":7}},"70":{"start":{"line":203,"column":23},"end":{"line":203,"column":66}},"71":{"start":{"line":204,"column":8},"end":{"line":206,"column":39}},"72":{"start":{"line":205,"column":10},"end":{"line":205,"column":76}},"73":{"start":{"line":206,"column":26},"end":{"line":206,"column":37}},"74":{"start":{"line":207,"column":24},"end":{"line":207,"column":84}},"75":{"start":{"line":208,"column":8},"end":{"line":208,"column":63}}},"fnMap":{"0":{"name":"_log","decl":{"start":{"line":16,"column":16},"end":{"line":16,"column":20}},"loc":{"start":{"line":16,"column":30},"end":{"line":20,"column":1}},"line":16},"1":{"name":"update_name","decl":{"start":{"line":46,"column":16},"end":{"line":46,"column":27}},"loc":{"start":{"line":46,"column":73},"end":{"line":88,"column":1}},"line":46},"2":{"name":"format_time","decl":{"start":{"line":96,"column":16},"end":{"line":96,"column":27}},"loc":{"start":{"line":96,"column":34},"end":{"line":116,"column":1}},"line":96},"3":{"name":"update_timestamp","decl":{"start":{"line":136,"column":16},"end":{"line":136,"column":32}},"loc":{"start":{"line":136,"column":94},"end":{"line":148,"column":1}},"line":136},"4":{"name":"load_data","decl":{"start":{"line":160,"column":16},"end":{"line":160,"column":25}},"loc":{"start":{"line":160,"column":28},"end":{"line":186,"column":1}},"line":160},"5":{"name":"(anonymous_5)","decl":{"start":{"line":163,"column":36},"end":{"line":163,"column":37}},"loc":{"start":{"line":163,"column":49},"end":{"line":185,"column":3}},"line":163},"6":{"name":"get_username","decl":{"start":{"line":188,"column":16},"end":{"line":188,"column":28}},"loc":{"start":{"line":188,"column":31},"end":{"line":190,"column":1}},"line":188},"7":{"name":"get_profile_picture","decl":{"start":{"line":192,"column":16},"end":{"line":192,"column":35}},"loc":{"start":{"line":192,"column":38},"end":{"line":212,"column":1}},"line":192},"8":{"name":"(anonymous_8)","decl":{"start":{"line":204,"column":32},"end":{"line":204,"column":33}},"loc":{"start":{"line":204,"column":39},"end":{"line":206,"column":9}},"line":204},"9":{"name":"(anonymous_9)","decl":{"start":{"line":206,"column":16},"end":{"line":206,"column":17}},"loc":{"start":{"line":206,"column":26},"end":{"line":206,"column":37}},"line":206}},"branchMap":{"0":{"loc":{"start":{"line":17,"column":2},"end":{"line":19,"column":3}},"type":"if","locations":[{"start":{"line":17,"column":2},"end":{"line":19,"column":3}},{"start":{},"end":{}}],"line":17},"1":{"loc":{"start":{"line":50,"column":2},"end":{"line":87,"column":3}},"type":"if","locations":[{"start":{"line":50,"column":2},"end":{"line":87,"column":3}},{"start":{"line":66,"column":7},"end":{"line":87,"column":3}}],"line":50},"2":{"loc":{"start":{"line":53,"column":6},"end":{"line":59,"column":7}},"type":"if","locations":[{"start":{"line":53,"column":6},"end":{"line":59,"column":7}},{"start":{"line":56,"column":13},"end":{"line":59,"column":7}}],"line":53},"3":{"loc":{"start":{"line":68,"column":6},"end":{"line":69,"column":59}},"type":"if","locations":[{"start":{"line":68,"column":6},"end":{"line":69,"column":59}},{"start":{},"end":{}}],"line":68},"4":{"loc":{"start":{"line":72,"column":6},"end":{"line":73,"column":79}},"type":"if","locations":[{"start":{"line":72,"column":6},"end":{"line":73,"column":79}},{"start":{},"end":{}}],"line":72},"5":{"loc":{"start":{"line":75,"column":6},"end":{"line":76,"column":78}},"type":"if","locations":[{"start":{"line":75,"column":6},"end":{"line":76,"column":78}},{"start":{},"end":{}}],"line":75},"6":{"loc":{"start":{"line":102,"column":2},"end":{"line":103,"column":28}},"type":"if","locations":[{"start":{"line":102,"column":2},"end":{"line":103,"column":28}},{"start":{},"end":{}}],"line":102},"7":{"loc":{"start":{"line":106,"column":2},"end":{"line":112,"column":3}},"type":"if","locations":[{"start":{"line":106,"column":2},"end":{"line":112,"column":3}},{"start":{},"end":{}}],"line":106},"8":{"loc":{"start":{"line":108,"column":4},"end":{"line":109,"column":30}},"type":"if","locations":[{"start":{"line":108,"column":4},"end":{"line":109,"column":30}},{"start":{},"end":{}}],"line":108},"9":{"loc":{"start":{"line":137,"column":2},"end":{"line":138,"column":80}},"type":"if","locations":[{"start":{"line":137,"column":2},"end":{"line":138,"column":80}},{"start":{},"end":{}}],"line":137},"10":{"loc":{"start":{"line":140,"column":2},"end":{"line":141,"column":83}},"type":"if","locations":[{"start":{"line":140,"column":2},"end":{"line":141,"column":83}},{"start":{},"end":{}}],"line":140},"11":{"loc":{"start":{"line":189,"column":9},"end":{"line":189,"column":45}},"type":"binary-expr","locations":[{"start":{"line":189,"column":9},"end":{"line":189,"column":19}},{"start":{"line":189,"column":23},"end":{"line":189,"column":45}}],"line":189},"12":{"loc":{"start":{"line":193,"column":2},"end":{"line":211,"column":3}},"type":"if","locations":[{"start":{"line":193,"column":2},"end":{"line":211,"column":3}},{"start":{"line":198,"column":9},"end":{"line":211,"column":3}}],"line":193},"13":{"loc":{"start":{"line":198,"column":9},"end":{"line":211,"column":3}},"type":"if","locations":[{"start":{"line":198,"column":9},"end":{"line":211,"column":3}},{"start":{},"end":{}}],"line":198},"14":{"loc":{"start":{"line":202,"column":6},"end":{"line":209,"column":7}},"type":"if","locations":[{"start":{"line":202,"column":6},"end":{"line":209,"column":7}},{"start":{},"end":{}}],"line":202},"15":{"loc":{"start":{"line":205,"column":18},"end":{"line":205,"column":70}},"type":"binary-expr","locations":[{"start":{"line":205,"column":18},"end":{"line":205,"column":65}},{"start":{"line":205,"column":69},"end":{"line":205,"column":70}}],"line":205}},"s":{"0":4,"1":4,"2":4,"3":4,"4":4,"5":4,"6":1,"7":1,"8":0,"9":0,"10":0,"11":0,"12":0,"13":0,"14":0,"15":0,"16":0,"17":0,"18":0,"19":0,"20":0,"21":0,"22":0,"23":0,"24":0,"25":0,"26":0,"27":0,"28":0,"29":0,"30":0,"31":2,"32":2,"33":2,"34":2,"35":2,"36":2,"37":1,"38":0,"39":1,"40":1,"41":0,"42":0,"43":0,"44":0,"45":0,"46":0,"47":0,"48":0,"49":0,"50":0,"51":0,"52":0,"53":0,"54":0,"55":0,"56":0,"57":0,"58":0,"59":0,"60":0,"61":0,"62":0,"63":0,"64":0,"65":0,"66":0,"67":0,"68":0,"69":0,"70":0,"71":0,"72":0,"73":0,"74":0,"75":0},"f":{"0":1,"1":0,"2":2,"3":0,"4":0,"5":0,"6":0,"7":0,"8":0,"9":0},"b":{"0":[1,0],"1":[0,0],"2":[0,0],"3":[0,0],"4":[0,0],"5":[0,0],"6":[2,0],"7":[1,1],"8":[0,1],"9":[0,0],"10":[0,0],"11":[0,0],"12":[0,0],"13":[0,0],"14":[0,0],"15":[0,0]},"_coverageSchema":"1a1c01bbd47fc00a2c39e90264f33305004495a9","hash":"b9d34b41b8d11b085e0f50a64c78b074a5493fec"}
}
