TN:
SF:source/local/imports.js
FNF:0
FNH:0
DA:15,3
DA:16,3
LF:2
LH:2
BRF:0
BRH:0
end_of_record
TN:
SF:source/local/classes/audio-object.js
FN:24,(anonymous_0)
FN:38,(anonymous_1)
FN:59,(anonymous_2)
FN:72,(anonymous_3)
FN:88,(anonymous_4)
FN:101,(anonymous_5)
FN:110,(anonymous_6)
FN:123,(anonymous_7)
FN:140,(anonymous_8)
FN:153,(anonymous_9)
FN:163,(anonymous_10)
FNF:11
FNH:11
FNDA:242,(anonymous_0)
FNDA:242,(anonymous_1)
FNDA:2,(anonymous_2)
FNDA:110,(anonymous_3)
FNDA:2,(anonymous_4)
FNDA:2,(anonymous_5)
FNDA:1,(anonymous_6)
FNDA:2,(anonymous_7)
FNDA:4,(anonymous_8)
FNDA:2,(anonymous_9)
FNDA:1,(anonymous_10)
DA:8,4
DA:9,4
DA:25,242
DA:28,235
DA:39,242
DA:40,2
DA:43,240
DA:44,4
DA:46,235
DA:47,113
DA:49,122
DA:60,2
DA:61,2
DA:73,110
DA:75,110
DA:76,1
DA:78,109
DA:92,2
DA:102,2
DA:111,1
DA:124,2
DA:126,2
DA:127,1
DA:129,1
DA:130,1
DA:141,4
DA:142,3
DA:144,1
DA:154,2
DA:155,1
DA:157,1
DA:164,1
LF:32
LH:32
BRDA:39,0,0,2
BRDA:39,0,1,240
BRDA:43,1,0,4
BRDA:43,1,1,235
BRDA:46,2,0,113
BRDA:46,2,1,122
BRDA:60,3,0,2
BRDA:60,3,1,0
BRDA:75,4,0,1
BRDA:75,4,1,109
BRDA:102,5,0,2
BRDA:102,5,1,1
BRDA:126,6,0,1
BRDA:126,6,1,1
BRDA:141,7,0,3
BRDA:141,7,1,1
BRDA:154,8,0,1
BRDA:154,8,1,1
BRF:18
BRH:17
end_of_record
TN:
SF:source/local/classes/type-a.js
FN:18,(anonymous_0)
FN:32,(anonymous_1)
FN:48,(anonymous_2)
FN:57,(anonymous_3)
FN:71,(anonymous_4)
FN:91,(anonymous_5)
FN:101,(anonymous_6)
FNF:7
FNH:5
FNDA:129,(anonymous_0)
FNDA:222,(anonymous_1)
FNDA:0,(anonymous_2)
FNDA:0,(anonymous_3)
FNDA:7,(anonymous_4)
FNDA:3,(anonymous_5)
FNDA:2,(anonymous_6)
DA:20,129
DA:33,222
DA:34,2
DA:36,220
DA:37,2
DA:39,218
DA:49,0
DA:58,0
DA:72,7
DA:73,2
DA:75,5
DA:76,3
DA:78,2
DA:79,2
DA:81,0
DA:82,0
DA:92,3
DA:93,2
DA:95,1
DA:102,2
LF:20
LH:16
BRDA:33,0,0,2
BRDA:33,0,1,220
BRDA:36,1,0,2
BRDA:36,1,1,218
BRDA:72,2,0,2
BRDA:72,2,1,5
BRDA:75,3,0,3
BRDA:75,3,1,2
BRDA:78,4,0,2
BRDA:78,4,1,0
BRDA:92,5,0,2
BRDA:92,5,1,1
BRF:12
BRH:11
end_of_record
TN:
SF:source/local/classes/type-f.js
FN:21,(anonymous_0)
FN:33,(anonymous_1)
FN:49,(anonymous_2)
FN:57,(anonymous_3)
FN:71,(anonymous_4)
FN:89,(anonymous_5)
FN:99,(anonymous_6)
FN:114,add_typeF
FN:133,get_all_typeF_names
FN:144,delete_typeF
FN:156,clear_typeF
FN:168,remove_typeF_from_local_storage
FN:179,set_typeF_in_local_storage
FNF:13
FNH:9
FNDA:15,(anonymous_0)
FNDA:112,(anonymous_1)
FNDA:1,(anonymous_2)
FNDA:2,(anonymous_3)
FNDA:4,(anonymous_4)
FNDA:2,(anonymous_5)
FNDA:1,(anonymous_6)
FNDA:6,add_typeF
FNDA:0,get_all_typeF_names
FNDA:0,delete_typeF
FNDA:0,clear_typeF
FNDA:0,remove_typeF_from_local_storage
FNDA:2,set_typeF_in_local_storage
DA:10,3
DA:11,3
DA:23,15
DA:34,112
DA:35,1
DA:37,111
DA:38,1
DA:40,110
DA:50,1
DA:58,2
DA:72,4
DA:73,1
DA:75,3
DA:76,1
DA:78,2
DA:79,1
DA:81,1
DA:82,1
DA:90,2
DA:91,1
DA:93,1
DA:100,1
DA:115,6
DA:116,2
DA:118,4
DA:119,2
DA:121,2
DA:123,2
DA:124,2
DA:134,0
DA:145,0
DA:146,0
DA:157,0
DA:158,0
DA:169,0
DA:180,2
LF:36
LH:30
BRDA:34,0,0,1
BRDA:34,0,1,111
BRDA:37,1,0,1
BRDA:37,1,1,110
BRDA:72,2,0,1
BRDA:72,2,1,3
BRDA:75,3,0,1
BRDA:75,3,1,2
BRDA:78,4,0,1
BRDA:78,4,1,1
BRDA:90,5,0,1
BRDA:90,5,1,1
BRDA:114,6,0,6
BRDA:115,7,0,2
BRDA:115,7,1,4
BRDA:118,8,0,2
BRDA:118,8,1,2
BRDA:123,9,0,2
BRDA:123,9,1,0
BRF:19
BRH:18
end_of_record
TN:
SF:source/local/scripts/audio.js
FN:11,get_all_audio_names
FN:29,add_audio
FN:57,get_audio_path
FN:76,delete_audio
FN:94,update_audio_path
FNF:5
FNH:1
FNDA:0,get_all_audio_names
FNDA:1,add_audio
FNDA:0,get_audio_path
FNDA:0,delete_audio
FNDA:0,update_audio_path
DA:12,0
DA:30,1
DA:31,1
DA:33,0
DA:34,0
DA:39,0
DA:41,0
DA:42,0
DA:58,0
DA:59,0
DA:61,0
DA:77,0
DA:78,0
DA:95,0
DA:96,0
DA:101,0
DA:105,0
LF:17
LH:2
BRDA:29,0,0,1
BRDA:30,1,0,1
BRDA:30,1,1,0
BRDA:33,2,0,0
BRDA:33,2,1,0
BRDA:41,3,0,0
BRDA:41,3,1,0
BRDA:58,4,0,0
BRDA:58,4,1,0
BRDA:95,5,0,0
BRDA:95,5,1,0
BRF:11
BRH:2
end_of_record
TN:
SF:source/local/scripts/folders.js
FN:16,add_typeA
FN:34,get_all_typeA_names
FN:46,delete_typeA
FN:59,clear_typeA
FN:75,add_typeF
FN:91,get_all_typeF_names
FN:102,delete_typeF
FN:114,clear_typeF
FN:126,remove_typeF_from_local_storage
FN:137,set_typeF_in_local_storage
FNF:10
FNH:0
FNDA:0,add_typeA
FNDA:0,get_all_typeA_names
FNDA:0,delete_typeA
FNDA:0,clear_typeA
FNDA:0,add_typeF
FNDA:0,get_all_typeF_names
FNDA:0,delete_typeF
FNDA:0,clear_typeF
FNDA:0,remove_typeF_from_local_storage
FNDA:0,set_typeF_in_local_storage
DA:2,3
DA:17,0
DA:18,0
DA:19,0
DA:20,0
DA:21,0
DA:22,0
DA:23,0
DA:24,0
DA:35,0
DA:47,0
DA:48,0
DA:60,0
DA:61,0
DA:76,0
DA:77,0
DA:78,0
DA:79,0
DA:80,0
DA:81,0
DA:82,0
DA:92,0
DA:103,0
DA:104,0
DA:115,0
DA:116,0
DA:127,0
DA:138,0
DA:139,0
DA:141,0
LF:30
LH:1
BRDA:16,0,0,0
BRDA:18,1,0,0
BRDA:18,1,1,0
BRDA:20,2,0,0
BRDA:20,2,1,0
BRDA:23,3,0,0
BRDA:23,3,1,0
BRDA:75,4,0,0
BRDA:76,5,0,0
BRDA:76,5,1,0
BRDA:78,6,0,0
BRDA:78,6,1,0
BRDA:81,7,0,0
BRDA:81,7,1,0
BRF:14
BRH:0
end_of_record
TN:
SF:source/local/scripts/notes.js
FN:13,clear_notes
FN:31,delete_note
FN:52,update_note
FN:79,add_note
FN:103,get_note
FN:119,get_all_notes
FNF:6
FNH:0
FNDA:0,clear_notes
FNDA:0,delete_note
FNDA:0,update_note
FNDA:0,add_note
FNDA:0,get_note
FNDA:0,get_all_notes
DA:14,0
DA:18,0
DA:32,0
DA:36,0
DA:53,0
DA:54,0
DA:55,0
DA:57,0
DA:61,0
DA:81,0
DA:82,0
DA:83,0
DA:85,0
DA:89,0
DA:90,0
DA:104,0
DA:120,0
DA:121,0
LF:18
LH:0
BRDA:54,0,0,0
BRDA:54,0,1,0
BRDA:79,1,0,0
BRDA:82,2,0,0
BRDA:82,2,1,0
BRDA:89,3,0,0
BRDA:89,3,1,0
BRF:7
BRH:0
end_of_record
TN:
SF:source/local/scripts/utils.js
FN:16,_log
FN:46,update_name
FN:96,format_time
FN:136,update_timestamp
FN:160,load_data
FN:163,(anonymous_5)
FN:188,get_username
FN:192,get_profile_picture
FN:204,(anonymous_8)
FN:206,(anonymous_9)
FNF:10
FNH:0
FNDA:0,_log
FNDA:0,update_name
FNDA:0,format_time
FNDA:0,update_timestamp
FNDA:0,load_data
FNDA:0,(anonymous_5)
FNDA:0,get_username
FNDA:0,get_profile_picture
FNDA:0,(anonymous_8)
FNDA:0,(anonymous_9)
DA:4,3
DA:5,3
DA:6,3
DA:7,3
DA:8,3
DA:9,3
DA:17,0
DA:18,0
DA:47,0
DA:49,0
DA:50,0
DA:51,0
DA:52,0
DA:53,0
DA:55,0
DA:58,0
DA:60,0
DA:62,0
DA:63,0
DA:67,0
DA:68,0
DA:69,0
DA:72,0
DA:73,0
DA:75,0
DA:76,0
DA:79,0
DA:80,0
DA:83,0
DA:84,0
DA:86,0
DA:97,0
DA:98,0
DA:99,0
DA:102,0
DA:103,0
DA:106,0
DA:108,0
DA:109,0
DA:111,0
DA:115,0
DA:137,0
DA:138,0
DA:140,0
DA:141,0
DA:143,0
DA:147,0
DA:162,0
DA:163,0
DA:164,0
DA:165,0
DA:170,0
DA:171,0
DA:172,0
DA:175,0
DA:176,0
DA:177,0
DA:180,0
DA:181,0
DA:189,0
DA:193,0
DA:194,0
DA:195,0
DA:196,0
DA:197,0
DA:198,0
DA:199,0
DA:200,0
DA:201,0
DA:202,0
DA:203,0
DA:204,0
DA:205,0
DA:206,0
DA:207,0
DA:208,0
LF:76
LH:6
BRDA:17,0,0,0
BRDA:17,0,1,0
BRDA:50,1,0,0
BRDA:50,1,1,0
BRDA:53,2,0,0
BRDA:53,2,1,0
BRDA:68,3,0,0
BRDA:68,3,1,0
BRDA:72,4,0,0
BRDA:72,4,1,0
BRDA:75,5,0,0
BRDA:75,5,1,0
BRDA:102,6,0,0
BRDA:102,6,1,0
BRDA:106,7,0,0
BRDA:106,7,1,0
BRDA:108,8,0,0
BRDA:108,8,1,0
BRDA:137,9,0,0
BRDA:137,9,1,0
BRDA:140,10,0,0
BRDA:140,10,1,0
BRDA:189,11,0,0
BRDA:189,11,1,0
BRDA:193,12,0,0
BRDA:193,12,1,0
BRDA:198,13,0,0
BRDA:198,13,1,0
BRDA:202,14,0,0
BRDA:202,14,1,0
BRDA:205,15,0,0
BRDA:205,15,1,0
BRF:32
BRH:0
end_of_record
